2024-09-12 23:20:43.186 [info] Reading sessions from keychain...
2024-09-12 23:20:43.186 [info] Getting sessions for all scopes...
2024-09-12 23:20:43.186 [info] Getting sessions for all scopes...
2024-09-12 23:20:43.186 [info] Got 0 sessions for ...
2024-09-12 23:20:43.186 [info] Got 0 sessions for ...
2024-09-12 23:20:43.186 [info] Getting sessions for read:user,repo,user:email,workflow...
2024-09-12 23:20:43.186 [info] Got 0 sessions for read:user,repo,user:email,workflow...
2024-09-12 23:20:44.473 [info] Getting sessions for read:user,repo,user:email,workflow...
2024-09-12 23:20:44.473 [info] Got 0 sessions for read:user,repo,user:email,workflow...
2024-09-12 23:20:44.522 [info] Getting sessions for read:user,repo,user:email,workflow...
2024-09-12 23:20:44.522 [info] Got 0 sessions for read:user,repo,user:email,workflow...
2024-09-12 23:20:44.562 [info] Getting sessions for read:user,repo,user:email,workflow...
2024-09-12 23:20:44.562 [info] Got 0 sessions for read:user,repo,user:email,workflow...
2024-09-12 23:20:44.591 [info] Getting sessions for read:user,repo,user:email,workflow...
2024-09-12 23:20:44.591 [info] Got 0 sessions for read:user,repo,user:email,workflow...
2024-09-12 23:22:06.091 [info] Getting sessions for read:user,repo,user:email,workflow...
2024-09-12 23:22:06.091 [info] Got 0 sessions for read:user,repo,user:email,workflow...
2024-09-12 23:22:06.215 [info] Getting sessions for read:user,repo,user:email,workflow...
2024-09-12 23:22:06.215 [info] Got 0 sessions for read:user,repo,user:email,workflow...
2024-09-12 23:22:06.611 [info] Getting sessions for read:user,repo,user:email,workflow...
2024-09-12 23:22:06.611 [info] Got 0 sessions for read:user,repo,user:email,workflow...
2024-09-12 23:22:07.717 [info] Getting sessions for read:user,repo,user:email,workflow...
2024-09-12 23:22:07.718 [info] Got 0 sessions for read:user,repo,user:email,workflow...
2024-09-12 23:22:07.841 [info] Getting sessions for read:user,repo,user:email,workflow...
2024-09-12 23:22:07.841 [info] Got 0 sessions for read:user,repo,user:email,workflow...
2024-09-12 23:22:07.879 [info] Getting sessions for read:user,repo,user:email,workflow...
2024-09-12 23:22:07.879 [info] Got 0 sessions for read:user,repo,user:email,workflow...
2024-09-12 23:22:07.922 [info] Getting sessions for read:user,repo,user:email,workflow...
2024-09-12 23:22:07.922 [info] Got 0 sessions for read:user,repo,user:email,workflow...
2024-09-12 23:26:45.219 [info] Getting sessions for all scopes...
2024-09-12 23:26:45.219 [info] Got 0 sessions for ...
2024-09-12 23:26:45.220 [info] Getting sessions for all scopes...
2024-09-12 23:26:45.220 [info] Got 0 sessions for ...
2024-09-12 23:26:45.220 [info] Getting sessions for all scopes...
2024-09-12 23:26:45.220 [info] Got 0 sessions for ...
2024-09-12 23:26:45.220 [info] Getting sessions for read:user,repo,user:email,workflow...
2024-09-12 23:26:45.220 [info] Got 0 sessions for read:user,repo,user:email,workflow...
2024-09-12 23:26:45.251 [info] Getting sessions for user:email...
2024-09-12 23:26:45.251 [info] Got 0 sessions for user:email...
2024-09-12 23:26:45.251 [info] Getting sessions for read:user,repo,user:email,workflow...
2024-09-12 23:26:45.251 [info] Got 0 sessions for read:user,repo,user:email,workflow...
2024-09-12 23:26:45.253 [info] Getting sessions for read:user...
2024-09-12 23:26:45.253 [info] Got 0 sessions for read:user...
2024-09-12 23:26:45.266 [info] Getting sessions for user:email...
2024-09-12 23:26:45.266 [info] Got 0 sessions for user:email...
2024-09-12 23:26:55.185 [info] Getting sessions for all scopes...
2024-09-12 23:26:55.185 [info] Got 0 sessions for ...
2024-09-12 23:26:55.191 [info] Getting sessions for user:email...
2024-09-12 23:26:55.191 [info] Got 0 sessions for user:email...
2024-09-12 23:30:12.318 [info] Getting sessions for read:user,repo,user:email,workflow...
2024-09-12 23:30:12.318 [info] Got 0 sessions for read:user,repo,user:email,workflow...
2024-09-12 23:30:15.932 [info] Logging in with 'any' account...
2024-09-12 23:30:15.932 [info] Logging in for the following scopes: read:user repo user:email workflow
2024-09-12 23:30:15.943 [info] Trying without local server... (read:user repo user:email workflow)
2024-09-12 23:35:15.952 [error] Timed out
2024-09-12 23:37:50.796 [info] Getting sessions for read:user,repo,user:email,workflow...
2024-09-12 23:37:50.796 [info] Got 0 sessions for read:user,repo,user:email,workflow...
2024-09-12 23:37:50.800 [info] Getting sessions for read:user...
2024-09-12 23:37:50.800 [info] Got 0 sessions for read:user...
2024-09-12 23:37:50.803 [info] Getting sessions for user:email...
2024-09-12 23:37:50.803 [info] Got 0 sessions for user:email...
2024-09-12 23:37:50.809 [info] Getting sessions for read:user,repo,user:email,workflow...
2024-09-12 23:37:50.809 [info] Got 0 sessions for read:user,repo,user:email,workflow...
2024-09-12 23:37:50.812 [info] Getting sessions for read:user...
2024-09-12 23:37:50.812 [info] Got 0 sessions for read:user...
2024-09-12 23:37:50.815 [info] Getting sessions for user:email...
2024-09-12 23:37:50.816 [info] Got 0 sessions for user:email...
2024-09-12 23:37:52.789 [info] Logging in with 'any' account...
2024-09-12 23:37:52.789 [info] Logging in for the following scopes: user:email
2024-09-12 23:37:52.791 [info] Trying without local server... (user:email)
2024-09-12 23:38:53.798 [error] User Cancelled
2024-09-12 23:39:58.306 [info] Getting sessions for read:user,repo,user:email,workflow...
2024-09-12 23:39:58.306 [info] Got 0 sessions for read:user,repo,user:email,workflow...
2024-09-12 23:39:58.309 [info] Getting sessions for read:user...
2024-09-12 23:39:58.309 [info] Got 0 sessions for read:user...
2024-09-12 23:40:04.604 [info] Getting sessions for read:user,repo,user:email,workflow...
2024-09-12 23:40:04.604 [info] Got 0 sessions for read:user,repo,user:email,workflow...
2024-09-12 23:40:04.607 [info] Getting sessions for read:user...
2024-09-12 23:40:04.607 [info] Got 0 sessions for read:user...
2024-09-12 23:40:05.754 [info] Getting sessions for read:user,repo,user:email,workflow...
2024-09-12 23:40:05.755 [info] Got 0 sessions for read:user,repo,user:email,workflow...
2024-09-12 23:40:05.757 [info] Getting sessions for read:user...
2024-09-12 23:40:05.757 [info] Got 0 sessions for read:user...
2024-09-12 23:40:23.607 [info] Logging in with 'any' account...
2024-09-12 23:40:23.607 [info] Logging in for the following scopes: user:email
2024-09-12 23:40:23.609 [info] Trying without local server... (user:email)
2024-09-12 23:40:26.780 [error] User Cancelled
2024-09-12 23:40:26.826 [info] Getting sessions for read:user,repo,user:email,workflow...
2024-09-12 23:40:26.826 [info] Got 0 sessions for read:user,repo,user:email,workflow...
2024-09-12 23:40:26.829 [info] Getting sessions for read:user...
2024-09-12 23:40:26.829 [info] Got 0 sessions for read:user...
2024-09-12 23:40:26.832 [info] Getting sessions for user:email...
2024-09-12 23:40:26.832 [info] Got 0 sessions for user:email...
2024-09-12 23:40:28.482 [info] Logging in with 'any' account...
2024-09-12 23:40:28.482 [info] Logging in for the following scopes: user:email
2024-09-12 23:40:28.484 [info] Trying without local server... (user:email)
2024-09-12 23:40:32.208 [info] Trying with local server... (user:email)
2024-09-12 23:40:34.304 [error] User Cancelled
2024-09-12 23:40:35.875 [error] User Cancelled
2024-09-12 23:40:43.135 [info] Trying device code flow... (user:email)
2024-09-12 23:41:55.301 [info] Getting sessions for all scopes...
2024-09-12 23:41:55.301 [info] Got 0 sessions for ...
2024-09-12 23:41:55.304 [info] Getting sessions for user:email...
2024-09-12 23:41:55.304 [info] Got 0 sessions for user:email...
2024-09-12 23:42:58.472 [error] Timed out
2024-09-12 23:42:58.474 [error] Error: No auth flow succeeded.
    at a.GitHubServer.login (/usr/share/code/resources/app/extensions/github-authentication/dist/extension.js:1:229180)
    at processTicksAndRejections (node:internal/process/task_queues:95:5)
    at a.GitHubAuthenticationProvider.createSession (/usr/share/code/resources/app/extensions/github-authentication/dist/extension.js:1:224483)
    at c.$createSession (/usr/share/code/resources/app/out/vs/workbench/api/node/extensionHostProcess.js:152:60892)
2024-09-12 23:43:54.675 [info] Getting sessions for read:user,repo,user:email,workflow...
2024-09-12 23:43:54.675 [info] Got 0 sessions for read:user,repo,user:email,workflow...
2024-09-12 23:43:54.683 [info] Getting sessions for read:user...
2024-09-12 23:43:54.683 [info] Got 0 sessions for read:user...
2024-09-12 23:43:54.686 [info] Getting sessions for user:email...
2024-09-12 23:43:54.686 [info] Got 0 sessions for user:email...
2024-09-12 23:43:54.689 [info] Getting sessions for read:user,repo,user:email,workflow...
2024-09-12 23:43:54.689 [info] Got 0 sessions for read:user,repo,user:email,workflow...
2024-09-12 23:43:54.691 [info] Getting sessions for read:user...
2024-09-12 23:43:54.691 [info] Got 0 sessions for read:user...
2024-09-12 23:43:54.694 [info] Getting sessions for user:email...
2024-09-12 23:43:54.694 [info] Got 0 sessions for user:email...
2024-09-12 23:43:56.484 [info] Logging in with 'any' account...
2024-09-12 23:43:56.484 [info] Logging in for the following scopes: user:email
2024-09-12 23:43:56.486 [info] Trying without local server... (user:email)
2024-09-12 23:44:01.757 [error] User Cancelled
2024-09-12 23:44:03.019 [info] Trying with local server... (user:email)
2024-09-12 23:45:00.889 [error] User Cancelled
2024-09-12 23:45:02.810 [info] Trying device code flow... (user:email)
2024-09-12 23:47:08.184 [error] User Cancelled
2024-09-12 23:55:09.695 [info] Getting sessions for read:user,repo,user:email,workflow...
2024-09-12 23:55:09.695 [info] Got 0 sessions for read:user,repo,user:email,workflow...
2024-09-12 23:55:12.096 [info] Logging in with 'any' account...
2024-09-12 23:55:12.097 [info] Logging in for the following scopes: read:user repo user:email workflow
2024-09-12 23:55:12.097 [info] Trying without local server... (read:user repo user:email workflow)
2024-09-12 23:55:36.403 [error] User Cancelled
2024-09-12 23:55:38.039 [info] Trying with local server... (read:user repo user:email workflow)
2024-09-12 23:56:55.383 [info] Getting sessions for all scopes...
2024-09-12 23:56:55.383 [info] Got 0 sessions for ...
2024-09-12 23:56:55.386 [info] Getting sessions for user:email...
2024-09-12 23:56:55.386 [info] Got 0 sessions for user:email...
2024-09-12 23:57:02.556 [error] User Cancelled
2024-09-12 23:57:47.336 [info] Getting sessions for read:user,repo,user:email,workflow...
2024-09-12 23:57:47.336 [info] Got 0 sessions for read:user,repo,user:email,workflow...
2024-09-12 23:57:50.169 [info] Logging in with 'any' account...
2024-09-12 23:57:50.169 [info] Logging in for the following scopes: read:user repo user:email workflow
2024-09-12 23:57:50.171 [info] Trying without local server... (read:user repo user:email workflow)
2024-09-12 23:58:00.307 [error] User Cancelled
2024-09-13 00:00:21.940 [info] Getting sessions for read:user,repo,user:email,workflow...
2024-09-13 00:00:21.940 [info] Got 0 sessions for read:user,repo,user:email,workflow...
2024-09-13 00:00:24.760 [info] Logging in with 'any' account...
2024-09-13 00:00:24.760 [info] Logging in for the following scopes: read:user repo user:email workflow
2024-09-13 00:00:24.762 [info] Trying without local server... (read:user repo user:email workflow)
2024-09-13 00:00:27.295 [error] User Cancelled
