2024-10-01 20:15:24.330 [info] Reading sessions from keychain...
2024-10-01 20:15:24.330 [info] Getting sessions for all scopes...
2024-10-01 20:15:24.330 [info] Got 0 sessions for ...
2024-10-01 20:15:24.330 [info] Getting sessions for read:user,repo,user:email,workflow...
2024-10-01 20:15:24.330 [info] Got 0 sessions for read:user,repo,user:email,workflow...
2024-10-01 20:15:24.330 [info] Getting sessions for all scopes...
2024-10-01 20:15:24.330 [info] Got 0 sessions for ...
2024-10-01 20:15:24.330 [info] Getting sessions for all scopes...
2024-10-01 20:15:24.330 [info] Got 0 sessions for ...
2024-10-01 20:15:24.330 [info] Getting sessions for all scopes...
2024-10-01 20:15:24.330 [info] Got 0 sessions for ...
2024-10-01 20:15:24.345 [info] Getting sessions for read:user...
2024-10-01 20:15:24.345 [info] Got 0 sessions for read:user...
2024-10-01 20:15:24.352 [info] Getting sessions for user:email...
2024-10-01 20:15:24.352 [info] Got 0 sessions for user:email...
2024-10-01 20:15:24.353 [info] Getting sessions for read:user,repo,user:email,workflow...
2024-10-01 20:15:24.353 [info] Got 0 sessions for read:user,repo,user:email,workflow...
2024-10-01 20:15:24.529 [info] Getting sessions for user:email...
2024-10-01 20:15:24.529 [info] Got 0 sessions for user:email...
2024-10-01 20:15:24.552 [info] Getting sessions for all scopes...
2024-10-01 20:15:24.552 [info] Got 0 sessions for ...
2024-10-01 20:15:24.609 [info] Getting sessions for user:email...
2024-10-01 20:15:24.609 [info] Got 0 sessions for user:email...
2024-10-01 20:15:55.474 [info] Getting sessions for read:user,repo,user:email,workflow...
2024-10-01 20:15:55.474 [info] Got 0 sessions for read:user,repo,user:email,workflow...
2024-10-01 20:30:24.703 [info] Getting sessions for all scopes...
2024-10-01 20:30:24.703 [info] Got 0 sessions for ...
2024-10-01 20:30:24.707 [info] Getting sessions for user:email...
2024-10-01 20:30:24.707 [info] Got 0 sessions for user:email...
