2024-09-14 06:59:05.354 [info] Reading sessions from keychain...
2024-09-14 06:59:05.354 [info] Getting sessions for all scopes...
2024-09-14 06:59:05.354 [info] Got 0 sessions for ...
2024-09-14 06:59:05.354 [info] Getting sessions for read:user,repo,user:email,workflow...
2024-09-14 06:59:05.354 [info] Got 0 sessions for read:user,repo,user:email,workflow...
2024-09-14 06:59:05.354 [info] Getting sessions for all scopes...
2024-09-14 06:59:05.354 [info] Got 0 sessions for ...
2024-09-14 06:59:05.354 [info] Getting sessions for all scopes...
2024-09-14 06:59:05.354 [info] Got 0 sessions for ...
2024-09-14 06:59:05.354 [info] Getting sessions for all scopes...
2024-09-14 06:59:05.354 [info] Got 0 sessions for ...
2024-09-14 06:59:05.354 [info] Getting sessions for read:user...
2024-09-14 06:59:05.354 [info] Got 0 sessions for read:user...
2024-09-14 06:59:05.354 [info] Getting sessions for user:email...
2024-09-14 06:59:05.354 [info] Got 0 sessions for user:email...
2024-09-14 06:59:05.354 [info] Getting sessions for read:user,repo,user:email,workflow...
2024-09-14 06:59:05.354 [info] Got 0 sessions for read:user,repo,user:email,workflow...
2024-09-14 06:59:05.356 [info] Getting sessions for user:email...
2024-09-14 06:59:05.356 [info] Got 0 sessions for user:email...
2024-09-14 06:59:05.635 [info] Getting sessions for all scopes...
2024-09-14 06:59:05.635 [info] Got 0 sessions for ...
2024-09-14 06:59:05.635 [info] Getting sessions for user:email...
2024-09-14 06:59:05.635 [info] Got 0 sessions for user:email...
