2024-09-22 12:19:15.745 [info] Reading sessions from keychain...
2024-09-22 12:19:15.745 [info] Getting sessions for all scopes...
2024-09-22 12:19:15.745 [info] Got 0 sessions for ...
2024-09-22 12:19:15.745 [info] Getting sessions for read:user,repo,user:email,workflow...
2024-09-22 12:19:15.745 [info] Got 0 sessions for read:user,repo,user:email,workflow...
2024-09-22 12:19:15.745 [info] Getting sessions for all scopes...
2024-09-22 12:19:15.745 [info] Got 0 sessions for ...
2024-09-22 12:19:15.745 [info] Getting sessions for all scopes...
2024-09-22 12:19:15.745 [info] Got 0 sessions for ...
2024-09-22 12:19:15.745 [info] Getting sessions for all scopes...
2024-09-22 12:19:15.745 [info] Got 0 sessions for ...
2024-09-22 12:19:15.746 [info] Getting sessions for read:user...
2024-09-22 12:19:15.746 [info] Got 0 sessions for read:user...
2024-09-22 12:19:15.746 [info] Getting sessions for user:email...
2024-09-22 12:19:15.746 [info] Got 0 sessions for user:email...
2024-09-22 12:19:15.746 [info] Getting sessions for read:user,repo,user:email,workflow...
2024-09-22 12:19:15.746 [info] Got 0 sessions for read:user,repo,user:email,workflow...
2024-09-22 12:19:15.747 [info] Getting sessions for user:email...
2024-09-22 12:19:15.747 [info] Got 0 sessions for user:email...
2024-09-22 12:19:15.902 [info] Getting sessions for all scopes...
2024-09-22 12:19:15.902 [info] Got 0 sessions for ...
2024-09-22 12:19:15.910 [info] Getting sessions for user:email...
2024-09-22 12:19:15.910 [info] Got 0 sessions for user:email...
