2024-09-14 06:59:05.039 [info] [main] Log level: Info
2024-09-14 06:59:05.039 [info] [main] Validating found git in: "git"
2024-09-14 06:59:05.051 [info] [main] Using git "2.43.0" from "git"
2024-09-14 06:59:05.052 [info] [Model][doInitialScan] Initial repository scan started
2024-09-14 06:59:05.062 [info] > git rev-parse --show-toplevel [4ms]
2024-09-14 06:59:05.062 [info] fatal: not a git repository (or any of the parent directories): .git
2024-09-14 06:59:05.067 [info] > git rev-parse --show-toplevel [0ms]
2024-09-14 06:59:05.067 [info] fatal: not a git repository (or any of the parent directories): .git
2024-09-14 06:59:05.070 [info] > git rev-parse --show-toplevel [1ms]
2024-09-14 06:59:05.070 [info] fatal: not a git repository (or any of the parent directories): .git
2024-09-14 06:59:05.072 [info] > git rev-parse --show-toplevel [0ms]
2024-09-14 06:59:05.072 [info] fatal: not a git repository (or any of the parent directories): .git
2024-09-14 06:59:05.073 [info] [Model][doInitialScan] Initial repository scan completed - repositories (0), closed repositories (0), parent repositories (0), unsafe repositories (0)
2024-09-14 06:59:05.317 [info] > git rev-parse --show-toplevel [20ms]
2024-09-14 06:59:05.317 [info] fatal: not a git repository (or any of the parent directories): .git
2024-09-14 06:59:05.343 [info] > git rev-parse --show-toplevel [15ms]
2024-09-14 06:59:05.343 [info] fatal: not a git repository (or any of the parent directories): .git
2024-09-14 06:59:05.351 [info] > git rev-parse --show-toplevel [3ms]
2024-09-14 06:59:05.351 [info] fatal: not a git repository (or any of the parent directories): .git
2024-09-14 06:59:07.080 [info] > git rev-parse --show-toplevel [1ms]
2024-09-14 06:59:07.080 [info] fatal: not a git repository (or any of the parent directories): .git
2024-09-14 06:59:19.637 [info] > git rev-parse --show-toplevel [1ms]
2024-09-14 06:59:19.637 [info] fatal: not a git repository (or any of the parent directories): .git
2024-09-14 06:59:22.925 [info] > git rev-parse --show-toplevel [1ms]
2024-09-14 06:59:22.925 [info] fatal: not a git repository (or any of the parent directories): .git
2024-09-14 06:59:29.439 [info] > git rev-parse --show-toplevel [1ms]
2024-09-14 06:59:29.439 [info] fatal: not a git repository (or any of the parent directories): .git
2024-09-14 06:59:51.075 [info] > git rev-parse --show-toplevel [1ms]
2024-09-14 06:59:51.075 [info] fatal: not a git repository (or any of the parent directories): .git
2024-09-14 07:01:37.212 [info] > git rev-parse --show-toplevel [1ms]
2024-09-14 07:01:37.212 [info] fatal: not a git repository (or any of the parent directories): .git
2024-09-14 07:01:38.403 [info] > git rev-parse --show-toplevel [1ms]
2024-09-14 07:01:38.403 [info] fatal: not a git repository (or any of the parent directories): .git
