2024-09-12 23:20:27.600 [info] Reading sessions from keychain...
2024-09-12 23:20:27.600 [info] Getting sessions for all scopes...
2024-09-12 23:20:27.600 [info] Getting sessions for all scopes...
2024-09-12 23:20:27.600 [info] Got 0 sessions for ...
2024-09-12 23:20:27.600 [info] Got 0 sessions for ...
2024-09-12 23:20:27.600 [info] Getting sessions for read:user,repo,user:email,workflow...
2024-09-12 23:20:27.600 [info] Got 0 sessions for read:user,repo,user:email,workflow...
2024-09-12 23:20:28.547 [info] Getting sessions for read:user,repo,user:email,workflow...
2024-09-12 23:20:28.547 [info] Got 0 sessions for read:user,repo,user:email,workflow...
2024-09-12 23:20:28.577 [info] Getting sessions for read:user,repo,user:email,workflow...
2024-09-12 23:20:28.577 [info] Got 0 sessions for read:user,repo,user:email,workflow...
2024-09-12 23:20:43.142 [info] Getting sessions for read:user,repo,user:email,workflow...
2024-09-12 23:20:43.142 [info] Got 0 sessions for read:user,repo,user:email,workflow...
2024-09-12 23:20:44.270 [info] Getting sessions for read:user,repo,user:email,workflow...
2024-09-12 23:20:44.270 [info] Got 0 sessions for read:user,repo,user:email,workflow...
2024-09-12 23:20:44.427 [info] Getting sessions for read:user,repo,user:email,workflow...
2024-09-12 23:20:44.427 [info] Got 0 sessions for read:user,repo,user:email,workflow...
2024-09-12 23:20:44.470 [info] Getting sessions for read:user,repo,user:email,workflow...
2024-09-12 23:20:44.470 [info] Got 0 sessions for read:user,repo,user:email,workflow...
2024-09-12 23:20:44.510 [info] Getting sessions for read:user,repo,user:email,workflow...
2024-09-12 23:20:44.510 [info] Got 0 sessions for read:user,repo,user:email,workflow...
2024-09-12 23:22:06.069 [info] Getting sessions for read:user,repo,user:email,workflow...
2024-09-12 23:22:06.069 [info] Got 0 sessions for read:user,repo,user:email,workflow...
2024-09-12 23:22:06.222 [info] Getting sessions for read:user,repo,user:email,workflow...
2024-09-12 23:22:06.222 [info] Got 0 sessions for read:user,repo,user:email,workflow...
2024-09-12 23:22:06.599 [info] Getting sessions for read:user,repo,user:email,workflow...
2024-09-12 23:22:06.599 [info] Got 0 sessions for read:user,repo,user:email,workflow...
2024-09-12 23:22:07.678 [info] Getting sessions for read:user,repo,user:email,workflow...
2024-09-12 23:22:07.679 [info] Got 0 sessions for read:user,repo,user:email,workflow...
2024-09-12 23:22:07.799 [info] Getting sessions for read:user,repo,user:email,workflow...
2024-09-12 23:22:07.799 [info] Got 0 sessions for read:user,repo,user:email,workflow...
2024-09-12 23:22:07.860 [info] Getting sessions for read:user,repo,user:email,workflow...
2024-09-12 23:22:07.860 [info] Got 0 sessions for read:user,repo,user:email,workflow...
2024-09-12 23:22:07.908 [info] Getting sessions for read:user,repo,user:email,workflow...
2024-09-12 23:22:07.908 [info] Got 0 sessions for read:user,repo,user:email,workflow...
2024-09-12 23:26:45.177 [info] Getting sessions for all scopes...
2024-09-12 23:26:45.177 [info] Got 0 sessions for ...
2024-09-12 23:26:45.177 [info] Getting sessions for all scopes...
2024-09-12 23:26:45.177 [info] Got 0 sessions for ...
2024-09-12 23:26:45.177 [info] Getting sessions for all scopes...
2024-09-12 23:26:45.177 [info] Got 0 sessions for ...
2024-09-12 23:26:45.178 [info] Getting sessions for read:user,repo,user:email,workflow...
2024-09-12 23:26:45.178 [info] Got 0 sessions for read:user,repo,user:email,workflow...
2024-09-12 23:26:45.183 [info] Getting sessions for user:email...
2024-09-12 23:26:45.183 [info] Got 0 sessions for user:email...
2024-09-12 23:26:45.183 [info] Getting sessions for read:user,repo,user:email,workflow...
2024-09-12 23:26:45.183 [info] Got 0 sessions for read:user,repo,user:email,workflow...
2024-09-12 23:26:45.183 [info] Getting sessions for read:user...
2024-09-12 23:26:45.183 [info] Got 0 sessions for read:user...
2024-09-12 23:26:45.197 [info] Getting sessions for user:email...
2024-09-12 23:26:45.197 [info] Got 0 sessions for user:email...
2024-09-12 23:26:55.243 [info] Getting sessions for all scopes...
2024-09-12 23:26:55.243 [info] Got 0 sessions for ...
2024-09-12 23:26:55.246 [info] Getting sessions for user:email...
2024-09-12 23:26:55.246 [info] Got 0 sessions for user:email...
2024-09-12 23:41:55.341 [info] Getting sessions for all scopes...
2024-09-12 23:41:55.342 [info] Got 0 sessions for ...
2024-09-12 23:41:55.345 [info] Getting sessions for user:email...
2024-09-12 23:41:55.345 [info] Got 0 sessions for user:email...
2024-09-12 23:54:38.089 [info] Getting sessions for read:user,repo,user:email,workflow...
2024-09-12 23:54:38.089 [info] Got 0 sessions for read:user,repo,user:email,workflow...
2024-09-12 23:54:38.094 [info] Getting sessions for read:user...
2024-09-12 23:54:38.094 [info] Got 0 sessions for read:user...
2024-09-12 23:54:38.097 [info] Getting sessions for user:email...
2024-09-12 23:54:38.097 [info] Got 0 sessions for user:email...
2024-09-12 23:54:38.101 [info] Getting sessions for read:user,repo,user:email,workflow...
2024-09-12 23:54:38.101 [info] Got 0 sessions for read:user,repo,user:email,workflow...
2024-09-12 23:54:38.105 [info] Getting sessions for read:user...
2024-09-12 23:54:38.105 [info] Got 0 sessions for read:user...
2024-09-12 23:54:38.108 [info] Getting sessions for user:email...
2024-09-12 23:54:38.108 [info] Got 0 sessions for user:email...
2024-09-12 23:54:40.005 [info] Logging in with 'any' account...
2024-09-12 23:54:40.005 [info] Logging in for the following scopes: user:email
2024-09-12 23:54:40.011 [info] Trying without local server... (user:email)
2024-09-12 23:56:55.393 [info] Getting sessions for all scopes...
2024-09-12 23:56:55.393 [info] Got 0 sessions for ...
2024-09-12 23:56:55.396 [info] Getting sessions for user:email...
2024-09-12 23:56:55.396 [info] Got 0 sessions for user:email...
2024-09-12 23:59:40.018 [error] Timed out
2024-09-13 00:00:42.025 [error] Canceled
2024-09-13 00:00:42.056 [error] Canceled
2024-09-13 00:00:42.062 [error] Error: No auth flow succeeded.
    at a.GitHubServer.login (/usr/share/code/resources/app/extensions/github-authentication/dist/extension.js:1:229180)
    at a.GitHubAuthenticationProvider.createSession (/usr/share/code/resources/app/extensions/github-authentication/dist/extension.js:1:224483)
    at c.$createSession (/usr/share/code/resources/app/out/vs/workbench/api/node/extensionHostProcess.js:152:60892)
