2024-09-12 17:32:36.611 [info] [main] Log level: Info
2024-09-12 17:32:36.611 [info] [main] Validating found git in: "git"
2024-09-12 17:32:36.611 [info] [main] Using git "2.43.0" from "git"
2024-09-12 17:32:36.611 [info] [Model][doInitialScan] Initial repository scan started
2024-09-12 17:32:36.611 [info] > git rev-parse --show-toplevel [6ms]
2024-09-12 17:32:36.611 [info] fatal: not a git repository (or any of the parent directories): .git
2024-09-12 17:32:36.611 [info] > git rev-parse --show-toplevel [2ms]
2024-09-12 17:32:36.611 [info] fatal: not a git repository (or any of the parent directories): .git
2024-09-12 17:32:36.616 [info] > git rev-parse --show-toplevel [2ms]
2024-09-12 17:32:36.616 [info] fatal: not a git repository (or any of the parent directories): .git
2024-09-12 17:32:36.621 [info] > git rev-parse --show-toplevel [1ms]
2024-09-12 17:32:36.621 [info] fatal: not a git repository (or any of the parent directories): .git
2024-09-12 17:32:36.622 [info] [Model][doInitialScan] Initial repository scan completed - repositories (0), closed repositories (0), parent repositories (0), unsafe repositories (0)
2024-09-12 17:32:38.071 [info] > git rev-parse --show-toplevel [1ms]
2024-09-12 17:32:38.071 [info] fatal: not a git repository (or any of the parent directories): .git
2024-09-12 17:32:52.136 [info] > git rev-parse --show-toplevel [1ms]
2024-09-12 17:32:52.136 [info] fatal: not a git repository (or any of the parent directories): .git
2024-09-12 17:40:37.018 [info] > git rev-parse --show-toplevel [1ms]
2024-09-12 17:40:37.018 [info] fatal: not a git repository (or any of the parent directories): .git
2024-09-12 17:40:53.125 [info] > git rev-parse --show-toplevel [1ms]
2024-09-12 17:40:53.125 [info] fatal: not a git repository (or any of the parent directories): .git
2024-09-12 17:41:38.564 [info] > git rev-parse --show-toplevel [2ms]
2024-09-12 17:41:38.564 [info] fatal: not a git repository (or any of the parent directories): .git
2024-09-12 17:41:55.633 [info] > git rev-parse --show-toplevel [3ms]
2024-09-12 17:41:55.633 [info] fatal: not a git repository (or any of the parent directories): .git
2024-09-12 17:42:58.255 [info] > git rev-parse --show-toplevel [3ms]
2024-09-12 17:42:58.255 [info] fatal: not a git repository (or any of the parent directories): .git
2024-09-12 17:43:46.057 [info] > git rev-parse --show-toplevel [2ms]
2024-09-12 17:43:46.057 [info] fatal: not a git repository (or any of the parent directories): .git
2024-09-12 17:44:01.941 [info] > git rev-parse --show-toplevel [2ms]
2024-09-12 17:44:01.941 [info] fatal: not a git repository (or any of the parent directories): .git
2024-09-12 17:44:14.178 [info] > git rev-parse --show-toplevel [3ms]
2024-09-12 17:44:14.178 [info] fatal: not a git repository (or any of the parent directories): .git
2024-09-12 17:45:27.793 [info] > git rev-parse --show-toplevel [1ms]
2024-09-12 17:45:27.793 [info] fatal: not a git repository (or any of the parent directories): .git
2024-09-12 17:45:31.184 [info] > git rev-parse --show-toplevel [1ms]
2024-09-12 17:45:31.184 [info] fatal: not a git repository (or any of the parent directories): .git
2024-09-12 17:45:35.652 [info] > git rev-parse --show-toplevel [2ms]
2024-09-12 17:45:35.652 [info] fatal: not a git repository (or any of the parent directories): .git
2024-09-12 17:45:41.712 [info] > git rev-parse --show-toplevel [1ms]
2024-09-12 17:45:41.712 [info] fatal: not a git repository (or any of the parent directories): .git
2024-09-12 17:45:43.908 [info] > git rev-parse --show-toplevel [3ms]
2024-09-12 17:45:43.908 [info] fatal: not a git repository (or any of the parent directories): .git
2024-09-12 17:45:46.680 [info] > git rev-parse --show-toplevel [3ms]
2024-09-12 17:45:46.680 [info] fatal: not a git repository (or any of the parent directories): .git
2024-09-12 17:46:14.057 [info] > git rev-parse --show-toplevel [2ms]
2024-09-12 17:46:14.057 [info] fatal: not a git repository (or any of the parent directories): .git
2024-09-12 17:46:16.431 [info] > git rev-parse --show-toplevel [2ms]
2024-09-12 17:46:16.431 [info] fatal: not a git repository (or any of the parent directories): .git
2024-09-12 17:46:18.705 [info] > git rev-parse --show-toplevel [2ms]
2024-09-12 17:46:18.705 [info] fatal: not a git repository (or any of the parent directories): .git
2024-09-12 18:06:09.438 [info] > git rev-parse --show-toplevel [0ms]
2024-09-12 18:06:09.438 [info] fatal: not a git repository (or any of the parent directories): .git
2024-09-12 18:10:29.062 [info] > git rev-parse --show-toplevel [0ms]
2024-09-12 18:10:29.062 [info] fatal: not a git repository (or any of the parent directories): .git
2024-09-12 18:10:30.241 [info] > git rev-parse --show-toplevel [1ms]
2024-09-12 18:10:30.241 [info] fatal: not a git repository (or any of the parent directories): .git
2024-09-12 18:11:57.434 [info] > git rev-parse --show-toplevel [0ms]
2024-09-12 18:11:57.434 [info] fatal: not a git repository (or any of the parent directories): .git
